Build started 1/16/2016 6:48:46 PM.
     1>Project "C:\Users\weeho\Desktop\homework-backup\GLTank!\tank_game\tank_game.vcxproj" on node 2 (Build target(s)).
     1>ClCompile:
         C:\Program Files (x86)\Microsoft Visual Studio 14.0\VC\bin\CL.exe /c /ZI /nologo /W3 /WX- /Od /Oy- /D WIN32 /D _DEBUG /D _CONSOLE /D _UNICODE /D UNICODE /Gm /EHsc /RTC1 /MDd /GS /fp:precise /Zc:wchar_t /Zc:forScope /Zc:inline /Fo"Debug\\" /Fd"Debug\vc140.pdb" /Gd /TP /analyze- /errorReport:prompt camera.cpp enemyTankMovement.cpp glm.cpp main.cpp
         main.cpp
     1>c:\users\weeho\desktop\homework-backup\gltank!\tank_game\main.cpp(362): warning C4838: conversion from 'double' to 'GLfloat' requires a narrowing conversion
     1>c:\users\weeho\desktop\homework-backup\gltank!\tank_game\main.cpp(861): warning C4018: '<': signed/unsigned mismatch
     1>c:\users\weeho\desktop\homework-backup\gltank!\tank_game\main.cpp(864): warning C4018: '<': signed/unsigned mismatch
     1>c:\users\weeho\desktop\homework-backup\gltank!\tank_game\main.cpp(892): warning C4018: '<': signed/unsigned mismatch
     1>c:\users\weeho\desktop\homework-backup\gltank!\tank_game\main.cpp(907): warning C4018: '<': signed/unsigned mismatch
     1>c:\users\weeho\desktop\homework-backup\gltank!\tank_game\main.cpp(882): warning C4477: 'printf' : format string '%d' requires an argument of type 'int', but variadic argument 1 has type 'double'
     1>c:\users\weeho\desktop\homework-backup\gltank!\tank_game\main.cpp(1077): warning C4838: conversion from 'double' to 'float' requires a narrowing conversion
     1>c:\users\weeho\desktop\homework-backup\gltank!\tank_game\main.cpp(1114): warning C4838: conversion from 'double' to 'GLfloat' requires a narrowing conversion
         Generating Code...
         Compiling...
         enemyTankMovement.cpp
         Generating Code...
     1>c:\users\weeho\desktop\homework-backup\gltank!\tank_game\enemytankmovement.cpp(94): warning C4715: 'enemyTankMovement::Render': not all control paths return a value
         Skipping... (no relevant changes detected)
         glm.cpp
         camera.cpp
       Link:
         C:\Program Files (x86)\Microsoft Visual Studio 14.0\VC\bin\link.exe /ERRORREPORT:PROMPT /OUT:"C:\Users\weeho\Desktop\homework-backup\GLTank!\Debug\tank_game.exe" /INCREMENTAL:NO /NOLOGO kernel32.lib user32.lib gdi32.lib winspool.lib comdlg32.lib advapi32.lib shell32.lib ole32.lib oleaut32.lib uuid.lib odbc32.lib odbccp32.lib /MANIFEST /MANIFESTUAC:"level='asInvoker' uiAccess='false'" /manifest:embed /Debug /PDB:"C:\Users\weeho\Desktop\homework-backup\GLTank!\Debug\tank_game.pdb" /SUBSYSTEM:CONSOLE /TLBID:1 /DYNAMICBASE /NXCOMPAT /IMPLIB:"C:\Users\weeho\Desktop\homework-backup\GLTank!\Debug\tank_game.lib" /MACHINE:X86 Debug\camera.obj
         Debug\enemyTankMovement.obj
         Debug\glm.obj
         Debug\main.obj
         Debug\tga.obj
         Debug\userTank.obj
     1>camera.obj : warning LNK4075: ignoring '/EDITANDCONTINUE' due to '/OPT:LBR' specification
         tank_game.vcxproj -> C:\Users\weeho\Desktop\homework-backup\GLTank!\Debug\tank_game.exe
     1>Done Building Project "C:\Users\weeho\Desktop\homework-backup\GLTank!\tank_game\tank_game.vcxproj" (Build target(s)).

Build succeeded.

Time Elapsed 00:00:07.11
